[2019-03-13 13:36:48.822] [exthost1] [info] extension host started
[2019-03-13 13:36:49.922] [exthost1] [info] extension host started
[2019-03-13 13:36:49.988] [exthost1] [info] ExtensionService#_doActivateExtension vscode.debug-auto-launch {"startup":true,"activationEvent":"*"}
[2019-03-13 13:36:49.988] [exthost1] [info] ExtensionService#loadCommonJSModule c:\Users\Administrator\.codemix\engine\resources\app\extensions\debug-auto-launch\out\extension
[2019-03-13 13:36:50.003] [exthost1] [info] ExtensionService#_doActivateExtension vscode.emmet {"startup":true,"activationEvent":"*"}
[2019-03-13 13:36:50.003] [exthost1] [info] ExtensionService#loadCommonJSModule c:\Users\Administrator\.codemix\engine\resources\app\extensions\emmet\dist\extension
[2019-03-13 13:36:50.069] [exthost1] [info] ExtensionService#_doActivateExtension vscode.merge-conflict {"startup":true,"activationEvent":"*"}
[2019-03-13 13:36:50.069] [exthost1] [info] ExtensionService#loadCommonJSModule c:\Users\Administrator\.codemix\engine\resources\app\extensions\merge-conflict\out\extension
[2019-03-13 13:36:50.103] [exthost1] [info] ExtensionService#_doActivateExtension vscode.search-rg {"startup":true,"activationEvent":"*"}
[2019-03-13 13:36:50.103] [exthost1] [info] ExtensionService#loadCommonJSModule c:\Users\Administrator\.codemix\engine\resources\app\extensions\search-rg\out\extension
[2019-03-13 13:36:50.118] [exthost1] [info] ExtensionService#_doActivateExtension christian-kohler.path-intellisense {"startup":true,"activationEvent":"*"}
[2019-03-13 13:36:50.118] [exthost1] [info] ExtensionService#loadCommonJSModule C:\Users\Administrator\.codemix\extensions\christian-kohler.path-intellisense-1.4.2\out\src\extension
[2019-03-13 13:36:50.153] [exthost1] [info] ExtensionService#_doActivateExtension dbaeumer.vscode-eslint {"startup":true,"activationEvent":"*"}
[2019-03-13 13:36:50.153] [exthost1] [info] ExtensionService#loadCommonJSModule C:\Users\Administrator\.codemix\extensions\dbaeumer.vscode-eslint-1.4.10\client\out\extension
[2019-03-13 13:36:50.719] [exthost1] [info] ExtensionService#_doActivateExtension formulahendry.auto-close-tag {"startup":true,"activationEvent":"*"}
[2019-03-13 13:36:50.719] [exthost1] [info] ExtensionService#loadCommonJSModule C:\Users\Administrator\.codemix\extensions\formulahendry.auto-close-tag-0.5.6\out\src\extension
[2019-03-13 13:36:50.735] [exthost1] [info] ExtensionService#_doActivateExtension formulahendry.auto-rename-tag {"startup":true,"activationEvent":"*"}
[2019-03-13 13:36:50.735] [exthost1] [info] ExtensionService#loadCommonJSModule C:\Users\Administrator\.codemix\extensions\formulahendry.auto-rename-tag-0.0.15\out\src\extension
[2019-03-13 13:36:50.778] [exthost1] [info] ExtensionService#_doActivateExtension HookyQR.beautify {"startup":true,"activationEvent":"*"}
[2019-03-13 13:36:50.778] [exthost1] [info] ExtensionService#loadCommonJSModule C:\Users\Administrator\.codemix\extensions\hookyqr.beautify-1.3.0\extension
[2019-03-13 13:36:51.264] [exthost1] [info] ExtensionService#_doActivateExtension Zignd.html-css-class-completion {"startup":true,"activationEvent":"*"}
[2019-03-13 13:36:51.264] [exthost1] [info] ExtensionService#loadCommonJSModule C:\Users\Administrator\.codemix\extensions\zignd.html-css-class-completion-1.17.1\out\src\extension
[2019-03-13 13:36:57.810] [exthost1] [info] eager extensions activated
[2019-03-13 13:36:57.810] [exthost1] [info] ExtensionService#_doActivateExtension vscode.configuration-editing {"startup":false,"activationEvent":"onLanguage:jsonc"}
[2019-03-13 13:36:57.810] [exthost1] [info] ExtensionService#loadCommonJSModule c:\Users\Administrator\.codemix\engine\resources\app\extensions\configuration-editing\out\extension
[2019-03-13 13:36:57.991] [exthost1] [info] ExtensionService#_doActivateExtension vscode.json-language-features {"startup":false,"activationEvent":"onLanguage:jsonc"}
[2019-03-13 13:36:57.991] [exthost1] [info] ExtensionService#loadCommonJSModule c:\Users\Administrator\.codemix\engine\resources\app\extensions\json-language-features\client\dist\jsonMain
[2019-03-13 13:36:59.742] [exthost1] [info] ExtensionService#_doActivateExtension vscode.typescript-language-features {"startup":false,"activationEvent":"onLanguage:jsonc"}
[2019-03-13 13:36:59.743] [exthost1] [info] ExtensionService#loadCommonJSModule c:\Users\Administrator\.codemix\engine\resources\app\extensions\typescript-language-features\dist\extension
[2019-03-13 13:37:00.416] [exthost1] [info] ExtensionService#_doActivateExtension vscode.grunt {"startup":false,"activationEvent":"onCommand:workbench.action.tasks.runTask"}
[2019-03-13 13:37:00.416] [exthost1] [info] ExtensionService#loadCommonJSModule c:\Users\Administrator\.codemix\engine\resources\app\extensions\grunt\out\main
[2019-03-13 13:37:00.478] [exthost1] [info] ExtensionService#_doActivateExtension vscode.gulp {"startup":false,"activationEvent":"onCommand:workbench.action.tasks.runTask"}
[2019-03-13 13:37:00.478] [exthost1] [info] ExtensionService#loadCommonJSModule c:\Users\Administrator\.codemix\engine\resources\app\extensions\gulp\out\main
[2019-03-13 13:37:00.543] [exthost1] [info] ExtensionService#_doActivateExtension vscode.jake {"startup":false,"activationEvent":"onCommand:workbench.action.tasks.runTask"}
[2019-03-13 13:37:00.543] [exthost1] [info] ExtensionService#loadCommonJSModule c:\Users\Administrator\.codemix\engine\resources\app\extensions\jake\out\main
[2019-03-13 13:37:00.643] [exthost1] [info] ExtensionService#_doActivateExtension vscode.npm {"startup":false,"activationEvent":"onCommand:workbench.action.tasks.runTask"}
[2019-03-13 13:37:00.643] [exthost1] [info] ExtensionService#loadCommonJSModule c:\Users\Administrator\.codemix\engine\resources\app\extensions\npm\out\main
