[2019-03-13 13:36:43.865] [sharedprocess] [info] main {"machineId":"f118df4c48d9790ffd80042339229abac4ff7c29a9207ceaa09cfe5b6c0a5a70"}
[2019-03-13 13:36:44.898] [sharedprocess] [info] Scanned user extensions: 23
[2019-03-13 13:36:45.402] [sharedprocess] [info] Deleted from disk codemix.node-0.9.1
[2019-03-13 13:36:45.402] [sharedprocess] [info] Deleted from disk codemix.typescript-0.9.2
[2019-03-13 13:36:45.402] [sharedprocess] [info] Deleted from disk codemix.web-0.9.2
[2019-03-13 13:36:45.519] [sharedprocess] [info] Deleted from disk codemix.angular-0.9.2
[2019-03-13 13:36:45.632] [sharedprocess] [info] Scanned system extensions: 72
[2019-03-13 13:36:46.867] [sharedprocess] [info] Scanned user extensions: 23
[2019-03-13 13:36:46.869] [sharedprocess] [info] Scanned user extensions: 23
[2019-03-13 13:36:46.969] [sharedprocess] [info] Scanned system extensions: 72
[2019-03-13 13:36:48.086] [sharedprocess] [info] Scanned user extensions: 23
[2019-03-13 13:36:48.138] [sharedprocess] [info] Scanned system extensions: 72
[2019-03-13 13:36:50.306] [sharedprocess] [info] Scanned user extensions: 23
[2019-03-13 13:37:23.879] [sharedprocess] [info] Starting to clean up unused language packs.
[2019-03-13 13:41:50.353] [sharedprocess] [info] Scanned user extensions: 23
[2019-03-13 13:46:50.413] [sharedprocess] [info] Scanned user extensions: 23
[2019-03-13 13:51:50.439] [sharedprocess] [info] Scanned user extensions: 23
[2019-03-13 13:56:50.464] [sharedprocess] [info] Scanned user extensions: 23
[2019-03-13 14:01:50.492] [sharedprocess] [info] Scanned user extensions: 23
[2019-03-13 14:06:50.518] [sharedprocess] [info] Scanned user extensions: 23
[2019-03-13 14:11:50.538] [sharedprocess] [info] Scanned user extensions: 23
[2019-03-13 14:16:50.559] [sharedprocess] [info] Scanned user extensions: 23
[2019-03-13 14:21:50.579] [sharedprocess] [info] Scanned user extensions: 23
[2019-03-13 14:26:50.601] [sharedprocess] [info] Scanned user extensions: 23
[2019-03-13 14:31:50.622] [sharedprocess] [info] Scanned user extensions: 23
[2019-03-13 14:36:50.644] [sharedprocess] [info] Scanned user extensions: 23
[2019-03-13 14:41:50.673] [sharedprocess] [info] Scanned user extensions: 23
[2019-03-13 14:46:50.697] [sharedprocess] [info] Scanned user extensions: 23
[2019-03-13 14:51:50.720] [sharedprocess] [info] Scanned user extensions: 23
[2019-03-13 14:56:50.746] [sharedprocess] [info] Scanned user extensions: 23
[2019-03-13 15:01:50.771] [sharedprocess] [info] Scanned user extensions: 23
[2019-03-13 15:06:50.795] [sharedprocess] [info] Scanned user extensions: 23
[2019-03-13 15:11:50.817] [sharedprocess] [info] Scanned user extensions: 23
[2019-03-13 15:16:50.843] [sharedprocess] [info] Scanned user extensions: 23
[2019-03-13 15:21:50.865] [sharedprocess] [info] Scanned user extensions: 23
[2019-03-13 15:26:50.885] [sharedprocess] [info] Scanned user extensions: 23
[2019-03-13 15:31:50.907] [sharedprocess] [info] Scanned user extensions: 23
[2019-03-13 15:36:50.930] [sharedprocess] [info] Scanned user extensions: 23
[2019-03-13 15:41:50.951] [sharedprocess] [info] Scanned user extensions: 23
[2019-03-13 15:46:50.972] [sharedprocess] [info] Scanned user extensions: 23
[2019-03-13 15:51:50.992] [sharedprocess] [info] Scanned user extensions: 23
[2019-03-13 15:56:51.013] [sharedprocess] [info] Scanned user extensions: 23
[2019-03-13 16:01:51.031] [sharedprocess] [info] Scanned user extensions: 23
[2019-03-13 16:06:51.053] [sharedprocess] [info] Scanned user extensions: 23
[2019-03-13 16:11:51.074] [sharedprocess] [info] Scanned user extensions: 23
[2019-03-13 16:16:51.096] [sharedprocess] [info] Scanned user extensions: 23
[2019-03-13 16:21:51.116] [sharedprocess] [info] Scanned user extensions: 23
[2019-03-13 16:26:51.139] [sharedprocess] [info] Scanned user extensions: 23
[2019-03-13 16:31:51.158] [sharedprocess] [info] Scanned user extensions: 23
[2019-03-13 16:36:51.181] [sharedprocess] [info] Scanned user extensions: 23
[2019-03-13 16:41:51.201] [sharedprocess] [info] Scanned user extensions: 23
[2019-03-13 16:46:51.219] [sharedprocess] [info] Scanned user extensions: 23
[2019-03-13 16:51:51.241] [sharedprocess] [info] Scanned user extensions: 23
[2019-03-13 16:56:51.265] [sharedprocess] [info] Scanned user extensions: 23
[2019-03-13 17:01:51.288] [sharedprocess] [info] Scanned user extensions: 23
[2019-03-13 17:06:51.312] [sharedprocess] [info] Scanned user extensions: 23
[2019-03-13 17:11:51.331] [sharedprocess] [info] Scanned user extensions: 23
[2019-03-13 17:16:51.351] [sharedprocess] [info] Scanned user extensions: 23
[2019-03-13 17:21:51.373] [sharedprocess] [info] Scanned user extensions: 23
[2019-03-13 17:26:51.426] [sharedprocess] [info] Scanned user extensions: 23
[2019-03-13 17:31:51.447] [sharedprocess] [info] Scanned user extensions: 23
[2019-03-13 17:36:51.469] [sharedprocess] [info] Scanned user extensions: 23
[2019-03-13 17:41:51.490] [sharedprocess] [info] Scanned user extensions: 23
